# JRE version: OpenJDK Runtime Environment Microsoft-8035246 (17.0.8+7) (build 17.0.8+7-LTS)
# Java VM: OpenJDK 64-Bit Server VM Microsoft-8035246 (17.0.8+7-LTS, mixed mode, sharing, tiered, compressed oops, compressed class ptrs, g1 gc, windows-amd64)
GC Precious Log:
 CPUs: 4 total, 4 available
 Memory: 16275M
 Large Page Support: Disabled
 NUMA Support: Disabled
 Compressed Oops: Enabled (Zero based)
 Heap Region Size: 2M
 Heap Min Capacity: 8M
 Heap Initial Capacity: 256M
 Heap Max Capacity: 4G
 Pre-touch: Disabled
 Parallel Workers: 4
 Concurrent Workers: 1
 Concurrent Refinement Workers: 4
 Periodic GC: Disabled
Heap:
 garbage-first heap   total 241664K, used 101327K [0x0000000700000000, 0x0000000800000000)
  region size 2048K, 13 young (26624K), 3 survivors (6144K)
 Metaspace       used 78125K, committed 79232K, reserved 1179648K
  class space    used 11051K, committed 11584K, reserved 1048576K
GC Heap History (20 events):
Event: 20.045 GC heap before
{Heap before GC invocations=27 (full 0):
 garbage-first heap   total 112640K, used 62346K [0x0000000700000000, 0x0000000800000000)
  region size 2048K, 3 young (6144K), 2 survivors (4096K)
 Metaspace       used 66406K, committed 67264K, reserved 1114112K
  class space    used 9397K, committed 9792K, reserved 1048576K
}
Event: 20.049 GC heap after
{Heap after GC invocations=28 (full 0):
 garbage-first heap   total 112640K, used 59962K [0x0000000700000000, 0x0000000800000000)
  region size 2048K, 1 young (2048K), 1 survivors (2048K)
 Metaspace       used 66406K, committed 67264K, reserved 1114112K
  class space    used 9397K, committed 9792K, reserved 1048576K
}
Event: 20.588 GC heap before
{Heap before GC invocations=28 (full 0):
 garbage-first heap   total 112640K, used 90682K [0x0000000700000000, 0x0000000800000000)
  region size 2048K, 16 young (32768K), 1 survivors (2048K)
 Metaspace       used 68019K, committed 68864K, reserved 1114112K
  class space    used 9644K, committed 10048K, reserved 1048576K
}
Event: 20.591 GC heap after
{Heap after GC invocations=29 (full 0):
 garbage-first heap   total 112640K, used 60511K [0x0000000700000000, 0x0000000800000000)
  region size 2048K, 1 young (2048K), 1 survivors (2048K)
 Metaspace       used 68019K, committed 68864K, reserved 1114112K
  class space    used 9644K, committed 10048K, reserved 1048576K
}
Event: 21.230 GC heap before
{Heap before GC invocations=30 (full 0):
 garbage-first heap   total 112640K, used 91231K [0x0000000700000000, 0x0000000800000000)
  region size 2048K, 16 young (32768K), 1 survivors (2048K)
 Metaspace       used 69722K, committed 70528K, reserved 1114112K
  class space    used 9893K, committed 10304K, reserved 1048576K
}
Event: 21.234 GC heap after
{Heap after GC invocations=31 (full 0):
 garbage-first heap   total 112640K, used 63008K [0x0000000700000000, 0x0000000800000000)
  region size 2048K, 2 young (4096K), 2 survivors (4096K)
 Metaspace       used 69722K, committed 70528K, reserved 1114112K
  class space    used 9893K, committed 10304K, reserved 1048576K
}
Event: 21.869 GC heap before
{Heap before GC invocations=31 (full 0):
 garbage-first heap   total 112640K, used 91680K [0x0000000700000000, 0x0000000800000000)
  region size 2048K, 16 young (32768K), 2 survivors (4096K)
 Metaspace       used 71431K, committed 72256K, reserved 1114112K
  class space    used 10110K, committed 10496K, reserved 1048576K
}
Event: 21.874 GC heap after
{Heap after GC invocations=32 (full 0):
 garbage-first heap   total 112640K, used 66213K [0x0000000700000000, 0x0000000800000000)
  region size 2048K, 2 young (4096K), 2 survivors (4096K)
 Metaspace       used 71431K, committed 72256K, reserved 1114112K
  class space    used 10110K, committed 10496K, reserved 1048576K
}
Event: 22.752 GC heap before
{Heap before GC invocations=33 (full 0):
 garbage-first heap   total 120832K, used 90789K [0x0000000700000000, 0x0000000800000000)
  region size 2048K, 14 young (28672K), 2 survivors (4096K)
 Metaspace       used 72082K, committed 72960K, reserved 1114112K
  class space    used 10170K, committed 10560K, reserved 1048576K
}
Event: 22.757 GC heap after
{Heap after GC invocations=34 (full 0):
 garbage-first heap   total 120832K, used 68551K [0x0000000700000000, 0x0000000800000000)
  region size 2048K, 2 young (4096K), 2 survivors (4096K)
 Metaspace       used 72082K, committed 72960K, reserved 1114112K
  class space    used 10170K, committed 10560K, reserved 1048576K
}
Event: 22.796 GC heap before
{Heap before GC invocations=34 (full 0):
 garbage-first heap   total 120832K, used 70599K [0x0000000700000000, 0x0000000800000000)
  region size 2048K, 3 young (6144K), 2 survivors (4096K)
 Metaspace       used 72338K, committed 73280K, reserved 1114112K
  class space    used 10195K, committed 10624K, reserved 1048576K
}
Event: 22.800 GC heap after
{Heap after GC invocations=35 (full 0):
 garbage-first heap   total 120832K, used 67893K [0x0000000700000000, 0x0000000800000000)
  region size 2048K, 1 young (2048K), 1 survivors (2048K)
 Metaspace       used 72338K, committed 73280K, reserved 1114112K
  class space    used 10195K, committed 10624K, reserved 1048576K
}
Event: 23.523 GC heap before
{Heap before GC invocations=35 (full 0):
 garbage-first heap   total 120832K, used 96565K [0x0000000700000000, 0x0000000800000000)
  region size 2048K, 15 young (30720K), 1 survivors (2048K)
 Metaspace       used 74598K, committed 75584K, reserved 1114112K
  class space    used 10602K, committed 11072K, reserved 1048576K
}
Event: 23.527 GC heap after
{Heap after GC invocations=36 (full 0):
 garbage-first heap   total 241664K, used 69248K [0x0000000700000000, 0x0000000800000000)
  region size 2048K, 2 young (4096K), 2 survivors (4096K)
 Metaspace       used 74598K, committed 75584K, reserved 1114112K
  class space    used 10602K, committed 11072K, reserved 1048576K
}
Event: 48.593 GC heap before
{Heap before GC invocations=37 (full 0):
 garbage-first heap   total 241664K, used 181888K [0x0000000700000000, 0x0000000800000000)
  region size 2048K, 58 young (118784K), 2 survivors (4096K)
 Metaspace       used 78053K, committed 79168K, reserved 1179648K
  class space    used 11050K, committed 11584K, reserved 1048576K
}
Event: 48.609 GC heap after
{Heap after GC invocations=38 (full 0):
 garbage-first heap   total 241664K, used 81486K [0x0000000700000000, 0x0000000800000000)
  region size 2048K, 7 young (14336K), 7 survivors (14336K)
 Metaspace       used 78053K, committed 79168K, reserved 1179648K
  class space    used 11050K, committed 11584K, reserved 1048576K
}
Event: 48.765 GC heap before
{Heap before GC invocations=38 (full 0):
 garbage-first heap   total 241664K, used 83534K [0x0000000700000000, 0x0000000800000000)
  region size 2048K, 8 young (16384K), 7 survivors (14336K)
 Metaspace       used 78055K, committed 79168K, reserved 1179648K
  class space    used 11050K, committed 11584K, reserved 1048576K
}
Event: 48.781 GC heap after
{Heap after GC invocations=39 (full 0):
 garbage-first heap   total 241664K, used 82441K [0x0000000700000000, 0x0000000800000000)
  region size 2048K, 1 young (2048K), 1 survivors (2048K)
 Metaspace       used 78055K, committed 79168K, reserved 1179648K
  class space    used 11050K, committed 11584K, reserved 1048576K
}
Event: 51.767 GC heap before
{Heap before GC invocations=39 (full 0):
 garbage-first heap   total 241664K, used 182793K [0x0000000700000000, 0x0000000800000000)
  region size 2048K, 51 young (104448K), 1 survivors (2048K)
 Metaspace       used 78105K, committed 79168K, reserved 1179648K
  class space    used 11050K, committed 11584K, reserved 1048576K
}
Event: 51.772 GC heap after
{Heap after GC invocations=40 (full 0):
 garbage-first heap   total 241664K, used 84943K [0x0000000700000000, 0x0000000800000000)
  region size 2048K, 3 young (6144K), 3 survivors (6144K)
 Metaspace       used 78105K, committed 79168K, reserved 1179648K
  class space    used 11050K, committed 11584K, reserved 1048576K
}

